\BOOKMARK [0][-]{chapter.1}{Introduction}{}% 1
\BOOKMARK [1][-]{section.1.1}{Motivation and Contribution}{chapter.1}% 2
\BOOKMARK [1][-]{section.1.2}{Outline of the Thesis}{chapter.1}% 3
\BOOKMARK [0][-]{chapter.2}{Overview of Visual-inertial Odometry}{}% 4
\BOOKMARK [1][-]{section.2.1}{World Representations and Notations}{chapter.2}% 5
\BOOKMARK [1][-]{section.2.2}{Filter Versus Keyframe}{chapter.2}% 6
\BOOKMARK [0][-]{chapter.3}{Background on Quaternion Algebra}{}% 7
\BOOKMARK [1][-]{section.3.1}{Definition of Quaternion}{chapter.3}% 8
\BOOKMARK [1][-]{section.3.2}{Properties of Quaternion}{chapter.3}% 9
\BOOKMARK [1][-]{section.3.3}{Quaternions and Rotation operations}{chapter.3}% 10
\BOOKMARK [1][-]{section.3.4}{Time-derivatives on Quaternion}{chapter.3}% 11
\BOOKMARK [1][-]{section.3.5}{Time-integration on Quaternion}{chapter.3}% 12
\BOOKMARK [0][-]{chapter.4}{Modular Sensor Fusing}{}% 13
\BOOKMARK [1][-]{section.4.1}{Error-state Kalman Filter for IMU Integration}{chapter.4}% 14
\BOOKMARK [2][-]{subsection.4.1.1}{System Kinematics}{section.4.1}% 15
\BOOKMARK [2][-]{subsection.4.1.2}{State Time-integration and Error-state Jacobian}{section.4.1}% 16
\BOOKMARK [2][-]{subsection.4.1.3}{State Propagation}{section.4.1}% 17
\BOOKMARK [1][-]{section.4.2}{Camera as Complementary Sensory Data}{chapter.4}% 18
\BOOKMARK [2][-]{subsection.4.2.1}{Self-adapt Map Scale}{section.4.2}% 19
\BOOKMARK [2][-]{subsection.4.2.2}{Keyframe-based Bundle Adjustment}{section.4.2}% 20
\BOOKMARK [1][-]{section.4.3}{Visual-inertial Odometry Pipeline Overview}{chapter.4}% 21
\BOOKMARK [0][-]{chapter.5}{Experiments}{}% 22
\BOOKMARK [1][-]{section.5.1}{Synthetic Dataset}{chapter.5}% 23
\BOOKMARK [1][-]{section.5.2}{Some other experiments}{chapter.5}% 24
\BOOKMARK [0][-]{chapter.6}{Summary, Discussion and Future Works}{}% 25
\BOOKMARK [0][-]{appendix.A}{The Derivation of Error-state Kinematic Equations}{}% 26
\BOOKMARK [0][-]{appendix.B}{Integration Methods}{}% 27
\BOOKMARK [1][-]{section.B.1}{Runge-Kutta Numerical Integration Methods}{appendix.B}% 28
\BOOKMARK [1][-]{section.B.2}{Closed-form Integration Methods}{appendix.B}% 29
\BOOKMARK [0][-]{appendix.C}{Approximation Methods}{}% 30
